[    0.000000] Linux version 4.15.0-212-generic (buildd@lcy02-amd64-083) (gcc version 7.5.0 (Ubuntu 7.5.0-3ubuntu1~18.04)) #223-Ubuntu SMP Tue May 23 13:09:22 UTC 2023 (Ubuntu 4.15.0-212.223-generic 4.15.18)
[    0.000000] Command line: BOOT_IMAGE=/boot/vmlinuz-4.15.0-212-generic root=LABEL=cloudimg-rootfs ro console=tty1 console=ttyS0
[    0.000000] KERNEL supported cpus:
[    0.000000]   Intel GenuineIntel
[    0.000000]   AMD AuthenticAMD
[    0.000000]   Centaur CentaurHauls
[    0.000000] [Firmware Bug]: TSC doesn't count with P0 frequency!
[    0.000000] x86/fpu: Supporting XSAVE feature 0x001: 'x87 floating point registers'
[    0.000000] x86/fpu: Supporting XSAVE feature 0x002: 'SSE registers'
[    0.000000] x86/fpu: Supporting XSAVE feature 0x004: 'AVX registers'
[    0.000000] x86/fpu: xstate_offset[2]:  576, xstate_sizes[2]:  256
[    0.000000] x86/fpu: Enabled xstate features 0x7, context size is 832 bytes, using 'standard' format.
[    0.000000] e820: BIOS-provided physical RAM map:
[    0.000000] BIOS-e820: [mem 0x0000000000000000-0x000000000009fbff] usable
[    0.000000] BIOS-e820: [mem 0x000000000009fc00-0x000000000009ffff] reserved
[    0.000000] BIOS-e820: [mem 0x00000000000f0000-0x00000000000fffff] reserved
[    0.000000] BIOS-e820: [mem 0x0000000000100000-0x0000000063feffff] usable
[    0.000000] BIOS-e820: [mem 0x0000000063ff0000-0x0000000063ffffff] ACPI data
[    0.000000] BIOS-e820: [mem 0x00000000fec00000-0x00000000fec00fff] reserved
[    0.000000] BIOS-e820: [mem 0x00000000fee00000-0x00000000fee00fff] reserved
[    0.000000] BIOS-e820: [mem 0x00000000fffc0000-0x00000000ffffffff] reserved
[    0.000000] NX (Execute Disable) protection: active
[    0.000000] SMBIOS 2.5 present.
[    0.000000] DMI: innotek GmbH VirtualBox/VirtualBox, BIOS VirtualBox 12/01/2006
[    0.000000] Hypervisor detected: KVM
[    0.000000] e820: last_pfn = 0x63ff0 max_arch_pfn = 0x400000000
[    0.000000] MTRR: Disabled
[    0.000000] x86/PAT: MTRRs disabled, skipping PAT initialization too.
[    0.000000] CPU MTRRs all blank - virtualized system.
[    0.000000] x86/PAT: Configuration [0-7]: WB  WT  UC- UC  WB  WT  UC- UC  
[    0.000000] found SMP MP-table at [mem 0x0009fff0-0x0009ffff]
[    0.000000] Scanning 1 areas for low memory corruption
[    0.000000] RAMDISK: [mem 0x359cb000-0x36cdcfff]
[    0.000000] ACPI: Early table checksum verification disabled
[    0.000000] ACPI: RSDP 0x00000000000E0000 000024 (v02 VBOX  )
[    0.000000] ACPI: XSDT 0x0000000063FF0030 00003C (v01 VBOX   VBOXXSDT 00000001 ASL  00000061)
[    0.000000] ACPI: FACP 0x0000000063FF00F0 0000F4 (v04 VBOX   VBOXFACP 00000001 ASL  00000061)
[    0.000000] ACPI: DSDT 0x0000000063FF0610 002353 (v02 VBOX   VBOXBIOS 00000002 INTL 20100528)
[    0.000000] ACPI: FACS 0x0000000063FF0200 000040
[    0.000000] ACPI: FACS 0x0000000063FF0200 000040
[    0.000000] ACPI: APIC 0x0000000063FF0240 00005C (v02 VBOX   VBOXAPIC 00000001 ASL  00000061)
[    0.000000] ACPI: SSDT 0x0000000063FF02A0 00036C (v01 VBOX   VBOXCPUT 00000002 INTL 20100528)
[    0.000000] ACPI: Reserving FACP table memory at [mem 0x63ff00f0-0x63ff01e3]
[    0.000000] ACPI: Reserving DSDT table memory at [mem 0x63ff0610-0x63ff2962]
[    0.000000] ACPI: Reserving FACS table memory at [mem 0x63ff0200-0x63ff023f]
[    0.000000] ACPI: Reserving FACS table memory at [mem 0x63ff0200-0x63ff023f]
[    0.000000] ACPI: Reserving APIC table memory at [mem 0x63ff0240-0x63ff029b]
[    0.000000] ACPI: Reserving SSDT table memory at [mem 0x63ff02a0-0x63ff060b]
[    0.000000] No NUMA configuration found
[    0.000000] Faking a node at [mem 0x0000000000000000-0x0000000063feffff]
[    0.000000] NODE_DATA(0) allocated [mem 0x63fc5000-0x63feffff]
[    0.000000] kvm-clock: cpu 0, msr 0:63f44001, primary cpu clock
[    0.000000] kvm-clock: Using msrs 4b564d01 and 4b564d00
[    0.000000] kvm-clock: using sched offset of 3373771051 cycles
[    0.000000] clocksource: kvm-clock: mask: 0xffffffffffffffff max_cycles: 0x1cd42e4dffb, max_idle_ns: 881590591483 ns
[    0.000000] Zone ranges:
[    0.000000]   DMA      [mem 0x0000000000001000-0x0000000000ffffff]
[    0.000000]   DMA32    [mem 0x0000000001000000-0x0000000063feffff]
[    0.000000]   Normal   empty
[    0.000000]   Device   empty
[    0.000000] Movable zone start for each node
[    0.000000] Early memory node ranges
[    0.000000]   node   0: [mem 0x0000000000001000-0x000000000009efff]
[    0.000000]   node   0: [mem 0x0000000000100000-0x0000000063feffff]
[    0.000000] Reserved but unavailable: 104 pages
[    0.000000] Initmem setup node 0 [mem 0x0000000000001000-0x0000000063feffff]
[    0.000000] ACPI: PM-Timer IO Port: 0x4008
[    0.000000] IOAPIC[0]: apic_id 2, version 32, address 0xfec00000, GSI 0-23
[    0.000000] ACPI: INT_SRC_OVR (bus 0 bus_irq 0 global_irq 2 dfl dfl)
[    0.000000] ACPI: INT_SRC_OVR (bus 0 bus_irq 9 global_irq 9 low level)
[    0.000000] Using ACPI (MADT) for SMP configuration information
[    0.000000] smpboot: Allowing 2 CPUs, 0 hotplug CPUs
[    0.000000] PM: Registered nosave memory: [mem 0x00000000-0x00000fff]
[    0.000000] PM: Registered nosave memory: [mem 0x0009f000-0x0009ffff]
[    0.000000] PM: Registered nosave memory: [mem 0x000a0000-0x000effff]
[    0.000000] PM: Registered nosave memory: [mem 0x000f0000-0x000fffff]
[    0.000000] e820: [mem 0x64000000-0xfebfffff] available for PCI devices
[    0.000000] Booting paravirtualized kernel on KVM
[    0.000000] clocksource: refined-jiffies: mask: 0xffffffff max_cycles: 0xffffffff, max_idle_ns: 7645519600211568 ns
[    0.000000] setup_percpu: NR_CPUS:8192 nr_cpumask_bits:2 nr_cpu_ids:2 nr_node_ids:1
[    0.000000] percpu: Embedded 50 pages/cpu s167936 r8192 d28672 u1048576
[    0.000000] PV qspinlock hash table entries: 256 (order: 0, 4096 bytes)
[    0.000000] Built 1 zonelists, mobility grouping on.  Total pages: 403065
[    0.000000] Policy zone: DMA32
[    0.000000] Kernel command line: BOOT_IMAGE=/boot/vmlinuz-4.15.0-212-generic root=LABEL=cloudimg-rootfs ro console=tty1 console=ttyS0
[    0.000000] Memory: 1562228K/1637944K available (12300K kernel code, 2477K rwdata, 4324K rodata, 2480K init, 2720K bss, 75716K reserved, 0K cma-reserved)
[    0.000000] SLUB: HWalign=64, Order=0-3, MinObjects=0, CPUs=2, Nodes=1
[    0.000000] ftrace: allocating 39508 entries in 155 pages
[    0.004000] Hierarchical RCU implementation.
[    0.004000] 	RCU restricting CPUs from NR_CPUS=8192 to nr_cpu_ids=2.
[    0.004000] 	Tasks RCU enabled.
[    0.004000] RCU: Adjusting geometry for rcu_fanout_leaf=16, nr_cpu_ids=2
[    0.004000] NR_IRQS: 524544, nr_irqs: 440, preallocated irqs: 16
[    0.004000] random: crng init done
[    0.004000] Console: colour VGA+ 80x25
[    0.004000] console [tty1] enabled
[    0.004000] console [ttyS0] enabled
[    0.004000] ACPI: Core revision 20170831
[    0.004000] ACPI: 2 ACPI AML tables successfully acquired and loaded
[    0.004000] APIC: Switch to symmetric I/O mode setup
[    0.004000] x2apic enabled
[    0.004000] Switched APIC routing to physical x2apic.
[    0.004000] ..TIMER: vector=0x30 apic1=0 pin1=2 apic2=-1 pin2=-1
[    0.004000] tsc: Detected 3493.438 MHz processor
[    0.004000] Calibrating delay loop (skipped) preset value.. 6986.87 BogoMIPS (lpj=13973752)
[    0.004000] pid_max: default: 32768 minimum: 301
[    0.004000] Security Framework initialized
[    0.004000] Yama: becoming mindful.
[    0.004000] AppArmor: AppArmor initialized
[    0.004000] Dentry cache hash table entries: 262144 (order: 9, 2097152 bytes)
[    0.004000] Inode-cache hash table entries: 131072 (order: 8, 1048576 bytes)
[    0.004000] Mount-cache hash table entries: 4096 (order: 3, 32768 bytes)
[    0.004000] Mountpoint-cache hash table entries: 4096 (order: 3, 32768 bytes)
[    0.004000] Last level iTLB entries: 4KB 512, 2MB 512, 4MB 256
[    0.004000] Last level dTLB entries: 4KB 2048, 2MB 2048, 4MB 1024, 1GB 0
[    0.004000] Spectre V1 : Mitigation: usercopy/swapgs barriers and __user pointer sanitization
[    0.004000] Spectre V2 : Mitigation: Retpolines
[    0.004000] Spectre V2 : Spectre v2 / SpectreRSB mitigation: Filling RSB on context switch
[    0.004000] Spectre V2 : Spectre v2 / SpectreRSB : Filling RSB on VMEXIT
[    0.004000] Freeing SMP alternatives memory: 36K
[    0.129573] APIC calibration not consistent with PM-Timer: 117ms instead of 100ms
[    0.130370] APIC delta adjusted to PM-Timer: 6462204 (7598959)
[    0.131073] smpboot: CPU0: AMD Ryzen 5 5600 6-Core Processor (family: 0x19, model: 0x21, stepping: 0x2)
[    0.132000] Performance Events: PMU not available due to virtualization, using software events only.
[    0.132000] Hierarchical SRCU implementation.
[    0.132000] NMI watchdog: Perf event create on CPU 0 failed with -2
[    0.132005] NMI watchdog: Perf NMI watchdog permanently disabled
[    0.132982] smp: Bringing up secondary CPUs ...
[    0.133746] x86: Booting SMP configuration:
[    0.134381] .... node  #0, CPUs:      #1
[    0.004000] kvm-clock: cpu 1, msr 0:63f44041, secondary cpu clock
[    0.138547] smp: Brought up 1 node, 2 CPUs
[    0.138547] smpboot: Max logical packages: 1
[    0.138547] smpboot: Total of 2 processors activated (13973.75 BogoMIPS)
[    0.140041] devtmpfs: initialized
[    0.140407] x86/mm: Memory block size: 128MB
[    0.140951] evm: security.selinux
[    0.141338] evm: security.SMACK64
[    0.141751] evm: security.SMACK64EXEC
[    0.142142] evm: security.SMACK64TRANSMUTE
[    0.142593] evm: security.SMACK64MMAP
[    0.143010] evm: security.apparmor
[    0.143379] evm: security.ima
[    0.143707] evm: security.capability
[    0.144006] clocksource: jiffies: mask: 0xffffffff max_cycles: 0xffffffff, max_idle_ns: 7645041785100000 ns
[    0.144962] futex hash table entries: 512 (order: 3, 32768 bytes)
[    0.145635] pinctrl core: initialized pinctrl subsystem
[    0.146213] RTC time: 20:46:13, date: 09/03/24
[    0.146743] NET: Registered protocol family 16
[    0.146743] audit: initializing netlink subsys (disabled)
[    0.148042] audit: type=2000 audit(1725396378.731:1): state=initialized audit_enabled=0 res=1
[    0.149444] cpuidle: using governor ladder
[    0.149444] cpuidle: using governor menu
[    0.149444] ACPI: bus type PCI registered
[    0.149444] acpiphp: ACPI Hot Plug PCI Controller Driver version: 0.5
[    0.149444] PCI: Using configuration type 1 for base access
[    0.149887] PCI: Using configuration type 1 for extended access
[    0.152677] HugeTLB registered 2.00 MiB page size, pre-allocated 0 pages
[    0.156075] ACPI: Added _OSI(Module Device)
[    0.156613] ACPI: Added _OSI(Processor Device)
[    0.157072] ACPI: Added _OSI(3.0 _SCP Extensions)
[    0.157555] ACPI: Added _OSI(Processor Aggregator Device)
[    0.158133] ACPI: Added _OSI(Linux-Dell-Video)
[    0.158693] ACPI: Added _OSI(Linux-Lenovo-NV-HDMI-Audio)
[    0.159256] ACPI: Added _OSI(Linux-HPI-Hybrid-Graphics)
[    0.160000] ACPI: Executed 1 blocks of module-level executable AML code
[    0.161787] ACPI: Interpreter enabled
[    0.162207] ACPI: (supports S0 S5)
[    0.162572] ACPI: Using IOAPIC for interrupt routing
[    0.164158] PCI: Using host bridge windows from ACPI; if necessary, use "pci=nocrs" and report a bug
[    0.165589] ACPI: Enabled 2 GPEs in block 00 to 07
[    0.170327] ACPI: PCI Root Bridge [PCI0] (domain 0000 [bus 00-ff])
[    0.170988] acpi PNP0A03:00: _OSC: OS supports [ExtendedConfig ASPM ClockPM Segments MSI]
[    0.172000] acpi PNP0A03:00: _OSC: platform does not support [PCIeCapability]
[    0.172197] acpi PNP0A03:00: _OSC: not requesting control; platform does not support [PCIeCapability]
[    0.173108] acpi PNP0A03:00: _OSC: OS requested [PCIeHotplug PME AER PCIeCapability]
[    0.173915] acpi PNP0A03:00: _OSC: platform willing to grant [PCIeHotplug PME AER]
[    0.175119] acpi PNP0A03:00: _OSC failed (AE_SUPPORT); disabling ASPM
[    0.175972] PCI host bridge to bus 0000:00
[    0.176002] pci_bus 0000:00: root bus resource [io  0x0000-0x0cf7 window]
[    0.176688] pci_bus 0000:00: root bus resource [io  0x0d00-0xffff window]
[    0.177390] pci_bus 0000:00: root bus resource [mem 0x000a0000-0x000bffff window]
[    0.178200] pci_bus 0000:00: root bus resource [mem 0x64000000-0xfdffffff window]
[    0.179161] pci_bus 0000:00: root bus resource [bus 00-ff]
[    0.181543] pci 0000:00:01.1: legacy IDE quirk: reg 0x10: [io  0x01f0-0x01f7]
[    0.182296] pci 0000:00:01.1: legacy IDE quirk: reg 0x14: [io  0x03f6]
[    0.182955] pci 0000:00:01.1: legacy IDE quirk: reg 0x18: [io  0x0170-0x0177]
[    0.183671] pci 0000:00:01.1: legacy IDE quirk: reg 0x1c: [io  0x0376]
[    0.191958] pci 0000:00:07.0: quirk: [io  0x4000-0x403f] claimed by PIIX4 ACPI
[    0.192011] pci 0000:00:07.0: quirk: [io  0x4100-0x410f] claimed by PIIX4 SMB
[    0.201056] ACPI: PCI Interrupt Link [LNKA] (IRQs 5 9 10 *11)
[    0.201897] ACPI: PCI Interrupt Link [LNKB] (IRQs 5 9 *10 11)
[    0.202558] ACPI: PCI Interrupt Link [LNKC] (IRQs 5 *9 10 11)
[    0.203255] ACPI: PCI Interrupt Link [LNKD] (IRQs 5 9 10 *11)
[    0.204000] SCSI subsystem initialized
[    0.204034] pci 0000:00:02.0: vgaarb: setting as boot VGA device
[    0.204648] pci 0000:00:02.0: vgaarb: VGA device added: decodes=io+mem,owns=io+mem,locks=none
[    0.205563] pci 0000:00:02.0: vgaarb: bridge control possible
[    0.205563] vgaarb: loaded
[    0.205563] ACPI: bus type USB registered
[    0.205563] usbcore: registered new interface driver usbfs
[    0.205563] usbcore: registered new interface driver hub
[    0.205963] usbcore: registered new device driver usb
[    0.208016] EDAC MC: Ver: 3.0.0
[    0.208512] PCI: Using ACPI for IRQ routing
[    0.208512] NetLabel: Initializing
[    0.208583] NetLabel:  domain hash size = 128
[    0.209096] NetLabel:  protocols = UNLABELED CIPSOv4 CALIPSO
[    0.209827] NetLabel:  unlabeled traffic allowed by default
[    0.212101] clocksource: Switched to clocksource kvm-clock
[    0.241455] VFS: Disk quotas dquot_6.6.0
[    0.241979] VFS: Dquot-cache hash table entries: 512 (order 0, 4096 bytes)
[    0.242781] AppArmor: AppArmor Filesystem Enabled
[    0.243342] pnp: PnP ACPI init
[    0.244614] pnp: PnP ACPI: found 3 devices
[    0.253067] clocksource: acpi_pm: mask: 0xffffff max_cycles: 0xffffff, max_idle_ns: 2085701024 ns
[    0.254196] NET: Registered protocol family 2
[    0.254796] IP idents hash table entries: 32768 (order: 6, 262144 bytes)
[    0.255751] TCP established hash table entries: 16384 (order: 5, 131072 bytes)
[    0.256570] TCP bind hash table entries: 16384 (order: 6, 262144 bytes)
[    0.258089] TCP: Hash tables configured (established 16384 bind 16384)
[    0.258913] UDP hash table entries: 1024 (order: 3, 32768 bytes)
[    0.259564] UDP-Lite hash table entries: 1024 (order: 3, 32768 bytes)
[    0.260525] NET: Registered protocol family 1
[    0.261323] pci 0000:00:00.0: Limiting direct PCI/PCI transfers
[    0.262480] pci 0000:00:01.0: Activating ISA DMA hang workarounds
[    0.263880] pci 0000:00:02.0: Video device with shadowed ROM at [mem 0x000c0000-0x000dffff]
[    0.264884] Unpacking initramfs...
[    0.639363] Freeing initrd memory: 19528K
[    0.640066] clocksource: tsc: mask: 0xffffffffffffffff max_cycles: 0x325b1a3dfbf, max_idle_ns: 440795265304 ns
[    0.641137] platform rtc_cmos: registered platform RTC device (no PNP device found)
[    0.641965] Scanning for low memory corruption every 60 seconds
[    0.643106] Initialise system trusted keyrings
[    0.643841] Key type blacklist registered
[    0.644596] workingset: timestamp_bits=36 max_order=19 bucket_order=0
[    0.646814] zbud: loaded
[    0.647570] squashfs: version 4.0 (2009/01/31) Phillip Lougher
[    0.648875] fuse init (API version 7.26)
[    0.651301] Key type asymmetric registered
[    0.651909] Asymmetric key parser 'x509' registered
[    0.652635] Block layer SCSI generic (bsg) driver version 0.4 loaded (major 246)
[    0.654067] io scheduler noop registered
[    0.654506] io scheduler deadline registered
[    0.655006] io scheduler cfq registered (default)
[    0.655761] ACPI: AC Adapter [AC] (on-line)
[    0.656228] input: Power Button as /devices/LNXSYSTM:00/LNXPWRBN:00/input/input0
[    0.657092] ACPI: Power Button [PWRF]
[    0.657526] input: Sleep Button as /devices/LNXSYSTM:00/LNXSLPBN:00/input/input1
[    0.658424] ACPI: Sleep Button [SLPF]
[    0.659070] Serial: 8250/16550 driver, 32 ports, IRQ sharing enabled
[    0.680767] 00:02: ttyS0 at I/O 0x3f8 (irq = 4, base_baud = 115200) is a 16550A
[    0.683839] Linux agpgart interface v0.103
[    0.685264] loop: module loaded
[    0.685960] scsi host0: ata_piix
[    0.686402] scsi host1: ata_piix
[    0.686781] ata1: PATA max UDMA/33 cmd 0x1f0 ctl 0x3f6 bmdma 0xd000 irq 14
[    0.687561] ata2: PATA max UDMA/33 cmd 0x170 ctl 0x376 bmdma 0xd008 irq 15
[    0.688290] tun: Universal TUN/TAP device driver, 1.6
[    0.688854] PPP generic driver version 2.4.2
[    0.689360] ehci_hcd: USB 2.0 'Enhanced' Host Controller (EHCI) Driver
[    0.690031] ehci-pci: EHCI PCI platform driver
[    0.690515] ehci-platform: EHCI generic platform driver
[    0.691055] ohci_hcd: USB 1.1 'Open' Host Controller (OHCI) Driver
[    0.691690] ohci-pci: OHCI PCI platform driver
[    0.692188] ohci-platform: OHCI generic platform driver
[    0.692799] uhci_hcd: USB Universal Host Controller Interface driver
[    0.693786] i8042: PNP: PS/2 Controller [PNP0303:PS2K,PNP0f03:PS2M] at 0x60,0x64 irq 1,12
[    0.695591] serio: i8042 KBD port at 0x60,0x64 irq 1
[    0.696246] serio: i8042 AUX port at 0x60,0x64 irq 12
[    0.697046] mousedev: PS/2 mouse device common for all mice
[    0.698116] input: AT Translated Set 2 keyboard as /devices/platform/i8042/serio0/input/input2
[    0.699454] rtc_cmos rtc_cmos: rtc core: registered rtc_cmos as rtc0
[    0.700262] rtc_cmos rtc_cmos: alarms up to one day, 114 bytes nvram
[    0.700949] i2c /dev entries driver
[    0.701423] device-mapper: uevent: version 1.0.3
[    0.702018] device-mapper: ioctl: 4.37.0-ioctl (2017-09-20) initialised: dm-devel@redhat.com
[    0.703008] ledtrig-cpu: registered to indicate activity on CPUs
[    0.703981] NET: Registered protocol family 10
[    0.706724] Segment Routing with IPv6
[    0.707177] NET: Registered protocol family 17
[    0.707733] Key type dns_resolver registered
[    0.708377] mce: Using 0 MCE banks
[    0.708776] RAS: Correctable Errors collector initialized.
[    0.709405] sched_clock: Marking stable (708351848, 0)->(875216564, -166864716)
[    0.710591] registered taskstats version 1
[    0.711292] Loading compiled-in X.509 certificates
[    0.713532] Loaded X.509 cert 'Build time autogenerated kernel key: b5b26778eaa3ab3a4a6cee031137706e947d12ad'
[    0.714987] Loaded X.509 cert 'Canonical Ltd. Live Patch Signing: 14df34d1a87cf37625abec039ef2bf521249b969'
[    0.716345] Loaded X.509 cert 'Canonical Ltd. Kernel Module Signing: 88f752e560a1e0737e31163a466ad7b70a850c19'
[    0.717705] blacklist: Loading compiled-in revocation X.509 certificates
[    0.718430] Loaded X.509 cert 'Canonical Ltd. Secure Boot Signing: 61482aa2830d0ab2ad5af10b7250da9033ddcef0'
[    0.719431] Loaded X.509 cert 'Canonical Ltd. Secure Boot Signing (2017): 242ade75ac4a15e50d50c84b0d45ff3eae707a03'
[    0.720513] Loaded X.509 cert 'Canonical Ltd. Secure Boot Signing (ESM 2018): 365188c1d374d6b07c3c8f240f8ef722433d6a8b'
[    0.721618] Loaded X.509 cert 'Canonical Ltd. Secure Boot Signing (2019): c0746fd6c5da3ae827864651ad66ae47fe24b3e8'
[    0.722690] Loaded X.509 cert 'Canonical Ltd. Secure Boot Signing (2021 v1): a8d54bbb3825cfb94fa13c9f8a594a195c107b8d'
[    0.723809] Loaded X.509 cert 'Canonical Ltd. Secure Boot Signing (2021 v2): 4cf046892d6fd3c9a5b03f98d845f90851dc6a8c'
[    0.724890] Loaded X.509 cert 'Canonical Ltd. Secure Boot Signing (2021 v3): 100437bb6de6e469b581e61cd66bce3ef4ed53af'
[    0.726091] Loaded X.509 cert 'Canonical Ltd. Secure Boot Signing (Ubuntu Core 2019): c1d57b8f6b743f23ee41f4f7ee292f06eecadfb9'
[    0.727736] zswap: loaded using pool lzo/zbud
[    0.730805] Key type big_key registered
[    0.731246] Key type trusted registered
[    0.732538] Key type encrypted registered
[    0.732999] AppArmor: AppArmor sha1 policy hashing enabled
[    0.733579] ima: No TPM chip found, activating TPM-bypass! (rc=-19)
[    0.734215] ima: Allocated hash algorithm: sha1
[    0.734699] evm: HMAC attrs: 0x1
[    0.735282]   Magic number: 8:601:800
[    0.735795] rtc_cmos rtc_cmos: setting system clock to 2024-09-03 20:46:14 UTC (1725396374)
[    0.736946] BIOS EDD facility v0.16 2004-Jun-25, 0 devices found
[    0.737795] EDD information not available.
[    0.870993] Freeing unused kernel image memory: 2480K
[    1.449978] Write protecting the kernel read-only data: 20480k
[    1.451005] Freeing unused kernel image memory: 2008K
[    1.451776] Freeing unused kernel image memory: 1820K
[    1.455353] x86/mm: Checked W+X mappings: passed, no W+X pages found.
Loading, please wait...
starting version 237
[    1.504921] e1000: Intel(R) PRO/1000 Network Driver - version 7.3.21-k8-NAPI
[    1.505925] e1000: Copyright (c) 1999-2006 Intel Corporation.
[    1.510540] Fusion MPT base driver 3.04.20
[    1.511262] Copyright (c) 1999-2008 LSI Corporation
[    1.514036] Fusion MPT SPI Host driver 3.04.20
[    1.525548] AVX2 version of gcm_enc/dec engaged.
[    1.526105] AES CTR mode by8 optimization enabled
[    1.722005] input: ImExPS/2 Generic Explorer Mouse as /devices/platform/i8042/serio1/input/input4
[    1.855763] e1000 0000:00:03.0 eth0: (PCI:33MHz:32-bit) 02:3b:7b:b7:3b:2d
[    1.856538] e1000 0000:00:03.0 eth0: Intel(R) PRO/1000 Network Connection
[    3.038353] e1000 0000:00:08.0 eth1: (PCI:33MHz:32-bit) 08:00:27:9a:d8:8c
[    3.039133] e1000 0000:00:08.0 eth1: Intel(R) PRO/1000 Network Connection
[    3.040867] mptbase: ioc0: Initiating bringup
[    3.148989] ioc0: LSI53C1030 A0: Capabilities={Initiator}
[    3.389382] scsi host2: ioc0: LSI53C1030 A0, FwRev=00000000h, Ports=1, MaxQ=256, IRQ=20
[    4.205442] scsi 2:0:0:0: Direct-Access     VBOX     HARDDISK         1.0  PQ: 0 ANSI: 5
[    4.251889] scsi target2:0:0: Beginning Domain Validation
[    4.253423] scsi target2:0:0: Domain Validation skipping write tests
[    4.254097] scsi target2:0:0: Ending Domain Validation
[    4.254689] scsi target2:0:0: asynchronous
[    4.255553] scsi 2:0:1:0: Direct-Access     VBOX     HARDDISK         1.0  PQ: 0 ANSI: 5
[    4.532524] scsi target2:0:1: Beginning Domain Validation
[    4.533802] scsi target2:0:1: Domain Validation skipping write tests
[    4.534623] scsi target2:0:1: Ending Domain Validation
[    4.535201] scsi target2:0:1: asynchronous
[    4.537781] sd 2:0:0:0: Attached scsi generic sg0 type 0
[    4.538443] sd 2:0:0:0: [sda] 83886080 512-byte logical blocks: (42.9 GB/40.0 GiB)
[    4.538614] sd 2:0:1:0: [sdb] 20480 512-byte logical blocks: (10.5 MB/10.0 MiB)
[    4.539432] sd 2:0:1:0: Attached scsi generic sg1 type 0
[    4.540058] sd 2:0:0:0: [sda] Write Protect is off
[    4.540694] sd 2:0:1:0: [sdb] Write Protect is off
[    4.541758] sd 2:0:0:0: [sda] Incomplete mode parameter data
[    4.541764] sd 2:0:1:0: [sdb] Incomplete mode parameter data
[    4.542322] sd 2:0:0:0: [sda] Assuming drive cache: write through
[    4.542914] sd 2:0:1:0: [sdb] Assuming drive cache: write through
[    4.545438]  sda: sda1
[    4.546300] sd 2:0:0:0: [sda] Attached SCSI disk
[    4.547562] sd 2:0:1:0: [sdb] Attached SCSI disk
[    4.559829] e1000 0000:00:09.0 eth2: (PCI:33MHz:32-bit) 08:00:27:d7:97:e8
[    4.560856] e1000 0000:00:09.0 eth2: Intel(R) PRO/1000 Network Connection
[    4.562529] e1000 0000:00:08.0 enp0s8: renamed from eth1
[    4.580848] e1000 0000:00:03.0 enp0s3: renamed from eth0
[    4.593874] e1000 0000:00:09.0 enp0s9: renamed from eth2
Begin: Loading essential drivers ... [    5.956465] raid6: sse2x1   gen()  7248 MB/s
[    6.004302] raid6: sse2x1   xor() 13063 MB/s
[    6.052278] raid6: sse2x2   gen() 13689 MB/s
[    6.100509] raid6: sse2x2   xor() 16702 MB/s
[    6.148400] raid6: sse2x4   gen() 22322 MB/s
[    6.196260] raid6: sse2x4   xor()  9305 MB/s
[    6.244159] raid6: avx2x1   gen() 16888 MB/s
[    6.293318] raid6: avx2x1   xor() 25706 MB/s
[    6.340012] raid6: avx2x2   gen() 30456 MB/s
[    6.388376] raid6: avx2x2   xor() 27096 MB/s
[    6.436208] raid6: avx2x4   gen() 33411 MB/s
[    6.484201] raid6: avx2x4   xor() 10820 MB/s
[    6.484840] raid6: using algorithm avx2x4 gen() 33411 MB/s
[    6.485885] raid6: .... xor() 10820 MB/s, rmw enabled
[    6.486392] raid6: using avx2x2 recovery algorithm
[    6.487513] xor: automatically using best checksumming function   avx       
[    6.488759] async_tx: api initialized (async)
done.
Begin: Running /scripts/init-premount ... done.
Begin: Mounting root file system ... Begin: Running /scripts/local-top ... done.
Begin: Running /scripts/local-premount ... [    6.516251] Btrfs loaded, crc32c=crc32c-intel
Scanning for Btrfs filesystems
done.
Warning: fsck not present, so skipping root file system
[    6.534754] EXT4-fs (sda1): mounted filesystem with ordered data mode. Opts: (null)
done.
Begin: Running /scripts/local-bottom ... done.
Begin: Running /scripts/init-bottom ... done.
[    6.650494] ip_tables: (C) 2000-2006 Netfilter Core Team
[    6.656483] systemd[1]: systemd 237 running in system mode. (+PAM +AUDIT +SELINUX +IMA +APPARMOR +SMACK +SYSVINIT +UTMP +LIBCRYPTSETUP +GCRYPT +GNUTLS +ACL +XZ +LZ4 +SECCOMP +BLKID +ELFUTILS +KMOD -IDN2 +IDN -PCRE2 default-hierarchy=hybrid)
[    6.658674] systemd[1]: Detected virtualization oracle.
[    6.659229] systemd[1]: Detected architecture x86-64.

Welcome to [1mUbuntu 18.04.6 LTS[0m!

[    6.663658] systemd[1]: Set hostname to <ubuntu>.
[    6.665528] systemd[1]: Initializing machine ID from random generator.
[    6.666233] systemd[1]: Installed transient /etc/machine-id file.
[    6.829335] systemd[1]: Created slice System Slice.
[[0;32m  OK  [0m] Created slice System Slice.
[    6.830720] systemd[1]: Set up automount Arbitrary Executable File Formats File System Automount Point.
[[0;32m  OK  [0m] Set up automount Arbitrary Executab…rmats File System Automount Point.
[    6.832769] systemd[1]: Listening on udev Control Socket.
[[0;32m  OK  [0m] Listening on udev Control Socket.
[    6.833896] systemd[1]: Listening on Network Service Netlink Socket.
[[0;32m  OK  [0m] Listening on Network Service Netlink Socket.
[[0;32m  OK  [0m] Reached target User and Group Name Lookups.
[[0;32m  OK  [0m] Reached target Swap.
[[0;32m  OK  [0m] Created slice system-serial\x2dgetty.slice.
[[0;32m  OK  [0m] Listening on fsck to fsckd communication Socket.
[[0;32m  OK  [0m] Listening on LVM2 poll daemon socket.
[[0;32m  OK  [0m] Reached target Mounting snaps.
[[0;32m  OK  [0m] Reached target Mounted snaps.
[[0;32m  OK  [0m] Listening on Syslog Socket.
[[0;32m  OK  [0m] Listening on Journal Socket (/dev/log).
[[0;32m  OK  [0m] Listening on LVM2 metadata daemon socket.
[[0;32m  OK  [0m] Created slice User and Session Slice.
[[0;32m  OK  [0m] Listening on /dev/initctl Compatibility Named Pipe.
[[0;32m  OK  [0m] Started Forward Password Requests to Wall Directory Watch.
[[0;32m  OK  [0m] Listening on Journal Audit Socket.
[[0;32m  OK  [0m] Listening on udev Kernel Socket.
[[0;32m  OK  [0m] Reached target System Time Synchronized.
[[0;32m  OK  [0m] Listening on Device-mapper event daemon FIFOs.
[[0;32m  OK  [0m] Reached target Slices.
[[0;32m  OK  [0m] Listening on Journal Socket.
         Mounting Huge Pages File System...
         Starting Create list of required st…ce nodes for the current kernel...
         Mounting Kernel Debug File System...
         Starting udev Coldplug all Devices...
         Mounting POSIX Message Queue File System...
         Starting Set the console keyboard layout...
         Starting File System Check on Root Device...
         Starting Uncomplicated firewall...
         Starting Load Kernel Modules...
         Starting Monitoring of LVM2 mirrors…ng dmeventd or progress polling...
         Starting Journal Service...
[[0;32m  OK  [0m] Mounted Huge Pages File System.
[[0;32m  OK  [0m] Mounted Kernel Debug File System.
[[0;32m  OK  [0m] Mounted POSIX Message Queue File System.
[[0;32m  OK  [0m] Started Create list of required sta…vice nodes for the current kernel.
         Starting Create Static Device Nodes in /dev...
[[0;32m  OK  [0m] Started File System Check Daemon to report status.
[[0;32m  OK  [0m] Started udev Coldplug all Devices.
[[0;32m  OK  [0m] Started Uncomplicated firewall.
[    6.954863] Loading iSCSI transport class v2.0-870.
[    6.958187] iscsi: registered transport (tcp)
[[0;32m  OK  [0m] Started Journal Service.
[[0;32m  OK  [0m] Started Create Static Device Nodes in /dev.
[[0;32m  OK  [0m] Started File System Check on Root Device.
         Starting Remount Root and Kernel File Systems...
[    7.033840] iscsi: registered transport (iser)
[[0;32m  OK  [0m] Started Load Kernel Modules.
         Starting Apply Kernel Variables...
         Mounting FUSE Control File System...
         Mounting Kernel Configuration File System...
[[0;32m  OK  [0m] Mounted FUSE Control File System.
[[0;32m  OK  [0m] Mounted Kernel Configuration File System.
[[0;32m  OK  [0m] Started LVM2 metadata daemon.
[[0;32m  OK  [0m] Started Remount Root and Kernel File Systems.
         Starting Load/Save Random Seed...
         Starting udev Kernel Device Manager...
         Starting Flush Journal to Persistent Storage...
[[0;32m  OK  [0m] Started Apply Kernel Variables.
[[0;32m  OK  [0m] Started Load/Save Random Seed.
[[0;32m  OK  [0m] Started Monitoring of LVM2 mirrors,…sing dmeventd or progress polling.
[[0;32m  OK  [0m] Started udev Kernel Device Manager.
[[0;32m  OK  [0m] Started Flush Journal to Persistent Storage.
[[0;32m  OK  [0m] Found device /dev/ttyS0.
[[0;32m  OK  [0m] Listening on Load/Save RF Kill Switch Status /dev/rfkill Watch.
         Mounting Arbitrary Executable File Formats File System...
[[0;32m  OK  [0m] Mounted Arbitrary Executable File Formats File System.
[[0;32m  OK  [0m] Started Set the console keyboard layout.
[[0;32m  OK  [0m] Reached target Local File Systems (Pre).
[[0;32m  OK  [0m] Reached target Local File Systems.
         Starting Tell Plymouth To Write Out Runtime Data...
         Starting Create Volatile Files and Directories...
         Starting AppArmor initialization...
         Starting Set console font and keymap...
         Starting ebtables ruleset management...
         Starting Commit a transient machine-id on disk...
[[0;32m  OK  [0m] Started Dispatch Password Requests to Console Directory Watch.
[[0;32m  OK  [0m] Reached target Local Encrypted Volumes.
[[0;32m  OK  [0m] Started Tell Plymouth To Write Out Runtime Data.
[[0;32m  OK  [0m] Started Create Volatile Files and Directories.
         Starting Update UTMP about System Boot/Shutdown...
[[0;32m  OK  [0m] Started Update UTMP about System Boot/Shutdown.
[[0;32m  OK  [0m] Started Commit a transient machine-id on disk.
[[0;32m  OK  [0m] Started ebtables ruleset management.
[[0;32m  OK  [0m] Started Set console font and keymap.
[[0;32m  OK  [0m] Started AppArmor initialization.
         Starting Load AppArmor profiles managed internally by snapd...
         Starting Initial cloud-init job (pre-networking)...
[[0;32m  OK  [0m] Started Load AppArmor profiles managed internally by snapd.
[   10.071229] cloud-init[899]: Cloud-init v. 23.1.2-0ubuntu0~18.04.1 running 'init-local' at Tue, 03 Sep 2024 20:46:23 +0000. Up 9.80 seconds.
[[0;32m  OK  [0m] Started Initial cloud-init job (pre-networking).
[[0;32m  OK  [0m] Reached target Network (Pre).
         Starting Network Service...
[[0;32m  OK  [0m] Started Network Service.
         Starting Wait for Network to be Configured...
         Starting Network Name Resolution...
[[0;32m  OK  [0m] Started Network Name Resolution.
[[0;32m  OK  [0m] Reached target Network.
[[0;32m  OK  [0m] Reached target Host and Network Name Lookups.
[[0;32m  OK  [0m] Started Wait for Network to be Configured.
         Starting Initial cloud-init job (metadata service crawler)...
[   12.006599] cloud-init[1030]: Cloud-init v. 23.1.2-0ubuntu0~18.04.1 running 'init' at Tue, 03 Sep 2024 20:46:25 +0000. Up 11.86 seconds.
[   12.008155] cloud-init[1030]: ci-info: ++++++++++++++++++++++++++++++++++++++Net device info+++++++++++++++++++++++++++++++++++++++
[   12.008944] cloud-init[1030]: ci-info: +--------+-------+----------------------------+---------------+--------+-------------------+
[   12.009693] cloud-init[1030]: ci-info: | Device |   Up  |          Address           |      Mask     | Scope  |     Hw-Address    |
[   12.010814] cloud-init[1030]: ci-info: +--------+-------+----------------------------+---------------+--------+-------------------+
[   12.012082] cloud-init[1030]: ci-info: | enp0s3 |  True |         10.0.2.15          | 255.255.255.0 | global | 02:3b:7b:b7:3b:2d |
[   12.013129] cloud-init[1030]: ci-info: | enp0s3 |  True | fe80::3b:7bff:feb7:3b2d/64 |       .       |  link  | 02:3b:7b:b7:3b:2d |
[   12.014418] cloud-init[1030]: ci-info: | enp0s8 | False |             .              |       .       |   .    | 08:00:27:9a:d8:8c |
[   12.015476] cloud-init[1030]: ci-info: | enp0s9 | False |             .              |       .       |   .    | 08:00:27:d7:97:e8 |
[   12.016339] cloud-init[1030]: ci-info: |   lo   |  True |         127.0.0.1          |   255.0.0.0   |  host  |         .         |
[   12.017212] cloud-init[1030]: ci-info: |   lo   |  True |          ::1/128           |       .       |  host  |         .         |
[   12.018507] cloud-init[1030]: ci-info: +--------+-------+----------------------------+---------------+--------+-------------------+
[   12.019449] cloud-init[1030]: ci-info: ++++++++++++++++++++++++++++Route IPv4 info+++++++++++++++++++++++++++++
[   12.020285] cloud-init[1030]: ci-info: +-------+-------------+----------+-----------------+-----------+-------+
[   12.021175] cloud-init[1030]: ci-info: | Route | Destination | Gateway  |     Genmask     | Interface | Flags |
[   12.021997] cloud-init[1030]: ci-info: +-------+-------------+----------+-----------------+-----------+-------+
[   12.022764] cloud-init[1030]: ci-info: |   0   |   0.0.0.0   | 10.0.2.2 |     0.0.0.0     |   enp0s3  |   UG  |
[   12.023451] cloud-init[1030]: ci-info: |   1   |   10.0.2.0  | 0.0.0.0  |  255.255.255.0  |   enp0s3  |   U   |
[   12.024208] cloud-init[1030]: ci-info: |   2   |   10.0.2.2  | 0.0.0.0  | 255.255.255.255 |   enp0s3  |   UH  |
[   12.024959] cloud-init[1030]: ci-info: +-------+-------------+----------+-----------------+-----------+-------+
[   12.025886] cloud-init[1030]: ci-info: +++++++++++++++++++Route IPv6 info+++++++++++++++++++
[   12.026946] cloud-init[1030]: ci-info: +-------+-------------+---------+-----------+-------+
[   12.027822] cloud-init[1030]: ci-info: | Route | Destination | Gateway | Interface | Flags |
[   12.028736] cloud-init[1030]: ci-info: +-------+-------------+---------+-----------+-------+
[   12.029495] cloud-init[1030]: ci-info: |   1   |  fe80::/64  |    ::   |   enp0s3  |   U   |
[   12.030176] cloud-init[1030]: ci-info: |   3   |    local    |    ::   |   enp0s3  |   U   |
[   12.032285] cloud-init[1030]: ci-info: |   4   |   ff00::/8  |    ::   |   enp0s3  |   U   |
[   12.033198] cloud-init[1030]: ci-info: +-------+-------------+---------+-----------+-------+
[   12.630044] cloud-init[1030]: Generating public/private rsa key pair.
[   12.630784] cloud-init[1030]: Your identification has been saved in /etc/ssh/ssh_host_rsa_key.
[   12.631492] cloud-init[1030]: Your public key has been saved in /etc/ssh/ssh_host_rsa_key.pub.
[   12.632101] cloud-init[1030]: The key fingerprint is:
[   12.632476] cloud-init[1030]: SHA256:hIwidHlcrjdhROt8PBI4QK2hrBBFoSai7gweq9DHSVc root@ubuntu-bionic
[   12.646410] cloud-init[1030]: The key's randomart image is:
[   12.668960] cloud-init[1030]: +---[RSA 2048]----+
[   12.669440] cloud-init[1030]: | +==+ o+         |
[   12.682915] cloud-init[1030]: |o..o.*+..        |
[   12.683388] cloud-init[1030]: |*oo =oo*E        |
[   12.683831] cloud-init[1030]: |*+ o  *o+        |
[   12.698211] cloud-init[1030]: |+   ...*S+       |
[   12.711174] cloud-init[1030]: |o. o o. + .      |
[   12.711783] cloud-init[1030]: |oo. +            |
[   12.712295] cloud-init[1030]: |* o.             |
[   12.712720] cloud-init[1030]: |o=               |
[   12.713164] cloud-init[1030]: +----[SHA256]-----+
[   12.713528] cloud-init[1030]: Generating public/private dsa key pair.
[   12.714206] cloud-init[1030]: Your identification has been saved in /etc/ssh/ssh_host_dsa_key.
[   12.714906] cloud-init[1030]: Your public key has been saved in /etc/ssh/ssh_host_dsa_key.pub.
[   12.715856] cloud-init[1030]: The key fingerprint is:
[   12.716222] cloud-init[1030]: SHA256:BiwOLjIvPhb9yh4+5BtahmG/ImfWi+nWkN7n5nUmiok root@ubuntu-bionic
[   12.716821] cloud-init[1030]: The key's randomart image is:
[   12.717176] cloud-init[1030]: +---[DSA 1024]----+
[   12.717473] cloud-init[1030]: |                 |
[   12.717921] cloud-init[1030]: |     .           |
[   12.718316] cloud-init[1030]: |  . . o          |
[   12.743014] cloud-init[1030]: | . o . .         |
[   12.743720] cloud-init[1030]: |+oo..   S        |
[   12.744288] cloud-init[1030]: |o=*o   .         |
[   12.744870] cloud-init[1030]: |.o=@.   o o      |
[   12.745448] cloud-init[1030]: |o=%*B+oo +       |
[[   12.756514] cloud-init[1030]: |oOEBB*+          |
[   12.756587] cloud-init[1030]: +----[SHA256]-----+
[   12.756787] cloud-init[1030]: Generating public/private ecdsa key pair.
[   12.756976] cloud-init[1030]: Your identification has been saved in /etc/ssh/ssh_host_ecdsa_key.
[   12.757149] cloud-init[1030]: Your public key has been saved in /etc/ssh/ssh_host_ecdsa_key.pub.
[   12.757420] cloud-init[1030]: The key fingerprint is:
[   12.757565] cloud-init[1030]: SHA256:7r+TZLM2XlBPCeih/cD843uK1VQnqVIrmLtJAp8XH34 root@ubuntu-bionic
[   12.757648] cloud-init[1030]: The key's randomart image is:
[   12.757813] cloud-init[1030]: +---[ECDSA 256]---+
[   12.757848] cloud-init[1030]: |           ..    |
[   12.758059] cloud-init[1030]: |          o  . o |
[   12.758243] cloud-init[1030]: |         * .o = o|
[   12.758415] cloud-init[1030]: |        .o*o = o.|
[   12.758582] cloud-init[1030]: |    .   S =+o o  |
[   12.758782] cloud-init[1030]: |     o o =+=+o   |
[   12.758991] cloud-init[1030]: |      + =oo=E..  |
[   12.759293] cloud-init[1030]: |       = o*=. .  |
[   12.759589] cloud-init[1030]: |        ++=+o+   |
[   12.759978] cloud-init[1030]: +----[SHA256]-----+
[   12.760491] cloud-init[1030]: Generating public/private ed25519 key pair.
[   12.760689] cloud-init[1030]: Your identification has been saved in /etc/ssh/ssh_host_ed25519_key.
[   12.760994] cloud-init[1030]: Your public key has been saved in /etc/ssh/ssh_host_ed25519_key.pub.
[   12.761248] cloud-init[1030]: The key fingerprint is:
[   12.761404] cloud-init[1030]: SHA256:zrXOMb/ZRE/+nVQ2UbZYk1Z44a1x/AcVnOG8oVf4lXg root@ubuntu-bionic
[   12.761527] cloud-init[1030]: The key's randomart image is:
[   12.761819] cloud-init[1030]: +--[ED25519 256]--+
[   12.762081] cloud-init[1030]: |              .B%|
[   12.762477] cloud-init[1030]: |              OXB|
[   12.762657] cloud-init[1030]: |             o=E*|
[   12.762864] cloud-init[1030]: |              o*B|
[   12.762928] cloud-init[1030]: |        S .  .o+B|
[   12.763268] cloud-init[1030]: |       o . . ..=+|
[   12.763434] cloud-init[1030]: |        o +   ..o|
[   12.763674] cloud-init[1030]: |         o + +. +|
[   12.763917] cloud-init[1030]: |          o +...o|
[   12.764394] cloud-init[1030]: +----[SHA256]-----+
[0;32m  OK  [0m] Started Initial cloud-init job (metadata service crawler).
[[0;32m  OK  [0m] Reached target Cloud-config availability.
[[0;32m  OK  [0m] Reached target System Initialization.
[[0;32m  OK  [0m] Started Discard unused blocks once a week.
[[0;32m  OK  [0m] Started Ubuntu Advantage Timer for running repeated jobs.
[[0;32m  OK  [0m] Listening on D-Bus System Message Bus Socket.
         Starting LXD - unix socket.
[[0;32m  OK  [0m] Started Daily apt download activities.
[[0;32m  OK  [0m] Listening on cloud-init hotplug hook socket.
[[0;32m  OK  [0m] Started ACPI Events Check.
[[0;32m  OK  [0m] Reached target Paths.
[[0;32m  OK  [0m] Started Daily Cleanup of Temporary Directories.
[[0;32m  OK  [0m] Listening on Open-iSCSI iscsid Socket.
[[0;32m  OK  [0m] Listening on ACPID Listen Socket.
[[0;32m  OK  [0m] Started Daily apt upgrade and clean activities.
[[0;32m  OK  [0m] Started Message of the Day.
[[0;32m  OK  [0m] Reached target Timers.
[[0;32m  OK  [0m] Listening on UUID daemon activation socket.
         Starting Socket activation for snappy daemon.
[[0;32m  OK  [0m] Reached target Network is Online.
         Starting Availability of block devices...
[[0;32m  OK  [0m] Reached target Remote File Systems (Pre).
[[0;32m  OK  [0m] Reached target Remote File Systems.
[[0;32m  OK  [0m] Listening on LXD - unix socket.
[[0;32m  OK  [0m] Listening on Socket activation for snappy daemon.
[[0;32m  OK  [0m] Reached target Sockets.
[[0;32m  OK  [0m] Reached target Basic System.
         Starting System Logging Service...
[[0;32m  OK  [0m] Reached target Login Prompts (Pre).
         Starting Accounts Service...
[[0;32m  OK  [0m] Started Regular background program processing daemon.
         Starting Permit User Sessions...
         Starting Virtualbox guest utils...
[[0;32m  OK  [0m] Started FUSE filesystem for LXC.
         Starting Dispatcher daemon for systemd-networkd...
[[0;32m  OK  [0m] Started Deferred execution scheduler.
         Starting LSB: Record successful boot for GRUB...
         Starting Pollinate to seed the pseudo random number generator...
[[0;32m  OK  [0m] Started irqbalance daemon.
[[0;32m  OK  [0m] Started D-Bus System Message Bus.
         Starting LXD - container startup/shutdown...
         Starting LSB: automatic crash report generation...
         Starting Snap Daemon...
         Starting Login Service...
[[0;32m  OK  [0m] Started System Logging Service.
[[0;32m  OK  [0m] Started Availability of block devices.
[[0;32m  OK  [0m] Started Permit User Sessions.
[[0;32m  OK  [0m] Started Login Service.
[[0;32m  OK  [0m] Started Unattended Upgrades Shutdown.
         Starting Authorization Manager...
         Starting Terminate Plymouth Boot Screen...
         Starting Hold until boot process finishes up...
[[0;32m  OK  [0m] Started Terminate Plymouth Boot Screen.
[[0;32m  OK  [0m] Started Hold until boot process finishes up.
[[0;32m  OK  [0m] Started Serial Getty on ttyS0.
         Starting Set console scheme...
[[0;32m  OK  [0m] Started Set console scheme.
[[0;32m  OK  [0m] Created slice system-getty.slice.
[[0;32m  OK  [0m] Started Getty on tty1.
[[0;32m  OK  [0m] Reached target Login Prompts.
[[0;32m  OK  [0m] Started LSB: automatic crash report generation.
[[0;32m  OK  [0m] Started LSB: Record successful boot for GRUB.
[[0;32m  OK  [0m] Started Authorization Manager.
[[0;32m  OK  [0m] Started Accounts Service.
[[0;32m  OK  [0m] Started LXD - container startup/shutdown.
[[0;32m  OK  [0m] Started Virtualbox guest utils.
[[0;32m  OK  [0m] Started Dispatcher daemon for systemd-networkd.
[[0;32m  OK  [0m] Started Snap Daemon.
         Starting Wait until snapd is fully seeded...
         Starting Time & Date Service...
[[0;32m  OK  [0m] Started Pollinate to seed the pseudo random number generator.
         Starting OpenBSD Secure Shell server...
[[0;32m  OK  [0m] Started Time & Date Service.
[[0;32m  OK  [0m] Started OpenBSD Secure Shell server.
[[0;32m  OK  [0m] Created slice User Slice of vagrant.
         Starting User Manager for UID 1000...
[[0;32m  OK  [0m] Started Session 1 of user vagrant.
[[0;32m  OK  [0m] Started User Manager for UID 1000.
[[0;32m  OK  [0m] Started Wait until snapd is fully seeded.
         Starting Apply the settings specified in cloud-config...
[   17.476010] cloud-init[1795]: Cloud-init v. 23.1.2-0ubuntu0~18.04.1 running 'modules:config' at Tue, 03 Sep 2024 20:46:30 +0000. Up 17.16 seconds.
[[0;32m  OK  [0m] Started Apply the settings specified in cloud-config.
[[0;32m  OK  [0m] Reached target Multi-User System.
         Starting Execute cloud user/final scripts...
[[0;32m  OK  [0m] Reached target Graphical Interface.
         Starting Update UTMP about System Runlevel Changes...
[[0;32m  OK  [0m] Started Update UTMP about System Runlevel Changes.
ci-info: no authorized SSH keys fingerprints found for user ubuntu.
<14>Sep  3 20:46:31 cloud-init: #############################################################
<14>Sep  3 20:46:31 cloud-init: -----BEGIN SSH HOST KEY FINGERPRINTS-----
<14>Sep  3 20:46:31 cloud-init: 1024 SHA256:BiwOLjIvPhb9yh4+5BtahmG/ImfWi+nWkN7n5nUmiok root@ubuntu-bionic (DSA)
<14>Sep  3 20:46:31 cloud-init: 256 SHA256:7r+TZLM2XlBPCeih/cD843uK1VQnqVIrmLtJAp8XH34 root@ubuntu-bionic (ECDSA)
<14>Sep  3 20:46:31 cloud-init: 256 SHA256:zrXOMb/ZRE/+nVQ2UbZYk1Z44a1x/AcVnOG8oVf4lXg root@ubuntu-bionic (ED25519)
<14>Sep  3 20:46:31 cloud-init: 2048 SHA256:hIwidHlcrjdhROt8PBI4QK2hrBBFoSai7gweq9DHSVc root@ubuntu-bionic (RSA)
<14>Sep  3 20:46:31 cloud-init: -----END SSH HOST KEY FINGERPRINTS-----
<14>Sep  3 20:46:31 cloud-init: #############################################################
-----BEGIN SSH HOST KEY KEYS-----
ecdsa-sha2-nistp256 AAAAE2VjZHNhLXNoYTItbmlzdHAyNTYAAAAIbmlzdHAyNTYAAABBBGYPPyVuL7PbSYd4CYN+Wh07aMl4ih8tnGuqN7GDz3+V24syLGV+Sk0+PVJCk9Tq/TVN3zekCMwke0YALOQvRzQ= root@ubuntu-bionic
ssh-ed25519 AAAAC3NzaC1lZDI1NTE5AAAAIEeb+2tAkovK6VF0yow8BLLJU5qhXxaLAUjDjHcUn70M root@ubuntu-bionic
ssh-rsa AAAAB3NzaC1yc2EAAAADAQABAAABAQDCfPq4la0QgnGWOECLef2yYlUvTRLxiqb+jRsKOcsRFYUSTqqrbkO770oXm7EjzBBFLQapo8k9tXvKsTgDopJOoCeGxhDk/KG56s1fZnox2SB/GILR8eH+UHVcFjjdbEQD9/bDaqhDb/w7ImAltF3O0Pv6in3s6fV63ATwK27mJdxCVTo8IcIAay8slJR0Grd6jDRK17PJnZH5jH3Aai13PbeVXkWibnWqWGDcL+dBNi7zBuxloQ+xBR9W2Sj4idaa0BeEJkVAIhlbWosjZLGPooVWp7TR3y8Bcmng0xl6S50YENRvHnFzYdBGTbsMPfm+8tQTE0tl4IjATPCgDBZJ root@ubuntu-bionic
-----END SSH HOST KEY KEYS-----
[   18.199547] cloud-init[1938]: Cloud-init v. 23.1.2-0ubuntu0~18.04.1 running 'modules:final' at Tue, 03 Sep 2024 20:46:31 +0000. Up 18.02 seconds.
[   18.199792] cloud-init[1938]: Cloud-init v. 23.1.2-0ubuntu0~18.04.1 finished at Tue, 03 Sep 2024 20:46:31 +0000. Datasource DataSourceNoCloud [seed=/dev/sdb][dsmode=net].  Up 18.19 seconds

Ubuntu 18.04.6 LTS ubuntu-bionic ttyS0

ubuntu-bionic login:          Stopping User Manager for UID 1000...
[[0;32m  OK  [0m] Stopped target Graphical Interface.
         Stopping Accounts Service...
[[0;32m  OK  [0m] Closed Load/Save RF Kill Switch Status /dev/rfkill Watch.
         Stopping Authorization Manager...
         Stopping Session 7 of user vagrant.
[[0;32m  OK  [0m] Stopped target Cloud-init target.
         Stopping Availability of block devices...
[[0;32m  OK  [0m] Stopped target Timers.
[[0;32m  OK  [0m] Stopped Discard unused blocks once a week.
[[0;32m  OK  [0m] Stopped Message of the Day.
[[0;32m  OK  [0m] Stopped Daily Cleanup of Temporary Directories.
[[0;32m  OK  [0m] Stopped Daily apt upgrade and clean activities.
[[0;32m  OK  [0m] Stopped Daily apt download activities.
[[0;32m  OK  [0m] Stopped target System Time Synchronized.
[[0;32m  OK  [0m] Stopped Ubuntu Advantage Timer for running repeated jobs.
[[0;32m  OK  [0m] Stopped Execute cloud user/final scripts.
[[0;32m  OK  [0m] Stopped target Multi-User System.
         Stopping Regular background program processing daemon...
         Stopping Dispatcher daemon for systemd-networkd...
         Stopping Virtualbox guest utils...
         Stopping The Apache HTTP Server...
         Stopping Deferred execution scheduler...
[[0;32m  OK  [0m] Stopped target Login Prompts.
         Stopping Serial Getty on ttyS0...
         Stopping Getty on tty1...
         Stopping LXD - container startup/shutdown...
         Stopping FUSE filesystem for LXC...
         Stopping irqbalance daemon...
         Stopping LSB: automatic crash report generation...
         Stopping OpenBSD Secure Shell server...
         Stopping System Logging Service...
         Stopping LSB: Record successful boot for GRUB...
         Stopping D-Bus System Message Bus...
[[0;32m  OK  [0m] Stopped Apply the settings specified in cloud-config.
[[0;32m  OK  [0m] Stopped Wait until snapd is fully seeded.
[[0;32m  OK  [0m] Stopped target Cloud-config availability.
[[0;32m  OK  [0m] Unmounted /var/lib/lxcfs.
[[0;32m  OK  [0m] Stopped System Logging Service.
[[0;32m  OK  [0m] Stopped Regular background program processing daemon.
[[0;32m  OK  [0m] Stopped Accounts Service.
[[0;32m  OK  [0m] Stopped Dispatcher daemon for systemd-networkd.
[[0;32m  OK  [0m] Stopped Deferred execution scheduler.
[[0;32m  OK  [0m] Stopped irqbalance daemon.
[[0;32m  OK  [0m] Stopped Serial Getty on ttyS0.
[[0;32m  OK  [0m] Stopped Getty on tty1.
[[0;32m  OK  [0m] Stopped OpenBSD Secure Shell server.
[[0;32m  OK  [0m] Stopped User Manager for UID 1000.
[[0;32m  OK  [0m] Stopped Authorization Manager.
[[0;32m  OK  [0m] Stopped Availability of block devices.
[[0;32m  OK  [0m] Stopped D-Bus System Message Bus.
[[0;32m  OK  [0m] Stopped FUSE filesystem for LXC.
[[0;32m  OK  [0m] Stopped Session 7 of user vagrant.
[[0;32m  OK  [0m] Removed slice User Slice of vagrant.
         Stopping Login Service...
[[0;32m  OK  [0m] Removed slice system-getty.slice.
[[0;32m  OK  [0m] Removed slice system-serial\x2dgetty.slice.
         Stopping Permit User Sessions...
[[0;32m  OK  [0m] Stopped target Login Prompts (Pre).
[[0;32m  OK  [0m] Stopped LXD - container startup/shutdown.
[[0;32m  OK  [0m] Stopped Permit User Sessions.
[[0;32m  OK  [0m] Stopped The Apache HTTP Server.
[[0;32m  OK  [0m] Stopped LSB: automatic crash report generation.
[[0;32m  OK  [0m] Stopped target Host and Network Name Lookups.
[[0;32m  OK  [0m] Stopped target Remote File Systems.
         Unmounting /vagrant...
         Unmounting /vagrant_data...
[[0;32m  OK  [0m] Stopped LSB: Record successful boot for GRUB.
[[0;32m  OK  [0m] Stopped Virtualbox guest utils.
[[0;32m  OK  [0m] Unmounted /vagrant.
[[0;32m  OK  [0m] Unmounted /vagrant_data.
[[0;32m  OK  [0m] Stopped target Network is Online.
[[0;32m  OK  [0m] Stopped target Network.
         Stopping Network Name Resolution...
[[0;32m  OK  [0m] Stopped target Remote File Systems (Pre).
[[0;32m  OK  [0m] Stopped Login Service.
[[0;32m  OK  [0m] Stopped target User and Group Name Lookups.
[[0;32m  OK  [0m] Stopped target Basic System.
[[0;32m  OK  [0m] Stopped target Sockets.
[[0;32m  OK  [0m] Closed ACPID Listen Socket.
[[0;32m  OK  [0m] Closed Syslog Socket.
[[0;32m  OK  [0m] Closed UUID daemon activation socket.
[[0;32m  OK  [0m] Closed Socket activation for snappy daemon.
[[0;32m  OK  [0m] Closed Open-iSCSI iscsid Socket.
[[0;32m  OK  [0m] Closed cloud-init hotplug hook socket.
[[0;32m  OK  [0m] Closed LXD - unix socket.
[[0;32m  OK  [0m] Stopped target Slices.
[[0;32m  OK  [0m] Stopped target Paths.
[[0;32m  OK  [0m] Stopped ACPI Events Check.
[[0;32m  OK  [0m] Closed D-Bus System Message Bus Socket.
[[0;32m  OK  [0m] Stopped target System Initialization.
         Stopping Load/Save Random Seed...
[[0;32m  OK  [0m] Stopped Initial cloud-init job (metadata service crawler).
         Stopping Update UTMP about System Boot/Shutdown...
[[0;32m  OK  [0m] Stopped target Local Encrypted Volumes.
[[0;32m  OK  [0m] Stopped Forward Password Requests to Wall Directory Watch.
[[0;32m  OK  [0m] Stopped Dispatch Password Requests to Console Directory Watch.
[[0;32m  OK  [0m] Stopped Commit a transient machine-id on disk.
[[0;32m  OK  [0m] Removed slice User and Session Slice.
[[0;32m  OK  [0m] Stopped Network Name Resolution.
         Stopping Network Service...
[[0;32m  OK  [0m] Stopped Update UTMP about System Boot/Shutdown.
[[0;32m  OK  [0m] Stopped Create Volatile Files and Directories.
[[0;32m  OK  [0m] Stopped target Local File Systems.
         Unmounting /run/user/1000...
[[0;32m  OK  [0m] Stopped target Mounted snaps.
[[0;32m  OK  [0m] Stopped target Mounting snaps.
[[0;32m  OK  [0m] Unmounted /run/user/1000.
[[0;32m  OK  [0m] Reached target Unmount All Filesystems.
[[0;32m  OK  [0m] Stopped target Swap.
[[0;32m  OK  [0m] Stopped target Local File Systems (Pre).
         Stopping Monitoring of LVM2 mirrors…ng dmeventd or progress polling...
[[0;32m  OK  [0m] Stopped Create Static Device Nodes in /dev.
[[0;32m  OK  [0m] Stopped Monitoring of LVM2 mirrors,…sing dmeventd or progress polling.
         Stopping LVM2 metadata daemon...
[[0;32m  OK  [0m] Stopped LVM2 metadata daemon.
[[0;32m  OK  [0m] Stopped Load/Save Random Seed.
[[0;32m  OK  [0m] Stopped Network Service.
[[0;32m  OK  [0m] Stopped Apply Kernel Variables.
[[0;32m  OK  [0m] Stopped Load Kernel Modules.
[[0;32m  OK  [0m] Stopped target Network (Pre).
[[0;32m  OK  [0m] Stopped Initial cloud-init job (pre-networking).
[[0;32m  OK  [0m] Stopped Remount Root and Kernel File Systems.
[[0;32m  OK  [0m] Reached target Shutdown.
[[0;32m  OK  [0m] Reached target Final Step.
         Starting Power-Off...
[  288.395265] reboot: Power down
